<?xml version="1.0" encoding="UTF-8"?>
<testsuite xmlns:xsi="http://www.w3.org/2001/XMLSchema-instance" xsi:noNamespaceSchemaLocation="https://maven.apache.org/surefire/maven-surefire-plugin/xsd/surefire-test-report.xsd" version="3.0.1" name="com.practica3.calculadora.OperacionTest" time="0.041" tests="7" errors="0" skipped="0" failures="0">
  <properties>
[...]
</properties>
  <testcase name="testSumar" classname="com.practica3.calculadora.OperacionTest" time="0.017"/>
  <testcase name="testConNumerosNegativos" classname="com.practica3.calculadora.OperacionTest" time="0.001"/>
  <testcase name="testMultiplicar" classname="com.practica3.calculadora.OperacionTest" time="0.0"/>
  <testcase name="testDividirPorCero" classname="com.practica3.calculadora.OperacionTest" time="0.002"/>
  <testcase name="testConDecimales" classname="com.practica3.calculadora.OperacionTest" time="0.001"/>
  <testcase name="testDividir" classname="com.practica3.calculadora.OperacionTest" time="0.001"/>
  <testcase name="testRestar" classname="com.practica3.calculadora.OperacionTest" time="0.001"/>
</testsuite>